BeiJing/build/outputs/logs/manifest-merger-debug-report.txt
-- Merging decision tree log ---
manifest
ADDED from src\main\AndroidManifest.xml:2:1-229:12
	xmlns:android
		ADDED from src\main\AndroidManifest.xml:2:11-69
	package
		ADDED from src\main\AndroidManifest.xml:3:5-32
		INJECTED from src\main\AndroidManifest.xml
		INJECTED from src\main\AndroidManifest.xml
	android:versionName
		ADDED from src\main\AndroidManifest.xml:5:5-30
		INJECTED from src\main\AndroidManifest.xml
		INJECTED from src\main\AndroidManifest.xml
	android:versionCode
		ADDED from src\main\AndroidManifest.xml:4:5-28
		INJECTED from src\main\AndroidManifest.xml
		INJECTED from src\main\AndroidManifest.xml
uses-sdk
ADDED from src\main\AndroidManifest.xml:7:5-9:41
MERGED from [Annie:library:unspecified] AndroidManifest.xml:7:5-9:41
MERGED from [Annie:utilsLibrary:unspecified] AndroidManifest.xml:7:5-9:41
MERGED from [Annie:viewPagerIndicatorLibrary:unspecified] AndroidManifest.xml:7:5-9:40
	android:targetSdkVersion
		ADDED from src\main\AndroidManifest.xml:9:9-38
		INJECTED from src\main\AndroidManifest.xml
		INJECTED from src\main\AndroidManifest.xml
	android:minSdkVersion
		ADDED from src\main\AndroidManifest.xml:8:9-34
		INJECTED from src\main\AndroidManifest.xml
		INJECTED from src\main\AndroidManifest.xml
uses-permission#android.permission.INTERNET
ADDED from src\main\AndroidManifest.xml:11:5-67
	android:name
		ADDED from src\main\AndroidManifest.xml:11:22-64
uses-permission#android.permission.GET_TASKS
ADDED from src\main\AndroidManifest.xml:12:5-68
	android:name
		ADDED from src\main\AndroidManifest.xml:12:22-65
uses-permission#android.permission.ACCESS_WIFI_STATE
ADDED from src\main\AndroidManifest.xml:14:2-73
	android:name
		ADDED from src\main\AndroidManifest.xml:14:19-70
uses-permission#android.permission.ACCESS_NETWORK_STATE
ADDED from src\main\AndroidManifest.xml:15:2-76
	android:name
		ADDED from src\main\AndroidManifest.xml:15:19-73
uses-permission#android.permission.CHANGE_WIFI_STATE
ADDED from src\main\AndroidManifest.xml:16:2-73
	android:name
		ADDED from src\main\AndroidManifest.xml:16:19-70
uses-permission#android.permission.WRITE_EXTERNAL_STORAGE
ADDED from src\main\AndroidManifest.xml:17:2-78
	android:name
		ADDED from src\main\AndroidManifest.xml:17:19-75
uses-permission#android.permission.READ_PHONE_STATE
ADDED from src\main\AndroidManifest.xml:18:2-72
	android:name
		ADDED from src\main\AndroidManifest.xml:18:19-69
uses-permission#android.permission.MANAGE_ACCOUNTS
ADDED from src\main\AndroidManifest.xml:19:2-70
	android:name
		ADDED from src\main\AndroidManifest.xml:19:19-68
uses-permission#android.permission.GET_ACCOUNTS
ADDED from src\main\AndroidManifest.xml:20:2-67
	android:name
		ADDED from src\main\AndroidManifest.xml:20:19-65
uses-permission#android.permission.BLUETOOTH
ADDED from src\main\AndroidManifest.xml:22:3-66
	android:name
		ADDED from src\main\AndroidManifest.xml:22:20-63
uses-permission#android.permission.BLUETOOTH_ADMIN
ADDED from src\main\AndroidManifest.xml:23:3-72
	android:name
		ADDED from src\main\AndroidManifest.xml:23:20-69
permission#com.annie.newsApp.permission.JPUSH_MESSAGE
ADDED from src\main\AndroidManifest.xml:26:3-28:47
	android:protectionLevel
		ADDED from src\main\AndroidManifest.xml:28:9-44
	android:name
		ADDED from src\main\AndroidManifest.xml:27:9-66
uses-permission#com.annie.newsApp.permission.JPUSH_MESSAGE
ADDED from src\main\AndroidManifest.xml:31:5-82
	android:name
		ADDED from src\main\AndroidManifest.xml:31:22-79
uses-permission#android.permission.RECEIVE_USER_PRESENT
ADDED from src\main\AndroidManifest.xml:32:5-79
	android:name
		ADDED from src\main\AndroidManifest.xml:32:22-76
uses-permission#android.permission.WAKE_LOCK
ADDED from src\main\AndroidManifest.xml:34:5-68
	android:name
		ADDED from src\main\AndroidManifest.xml:34:22-65
uses-permission#android.permission.READ_EXTERNAL_STORAGE
ADDED from src\main\AndroidManifest.xml:37:5-80
	android:name
		ADDED from src\main\AndroidManifest.xml:37:22-77
uses-permission#android.permission.WRITE_SETTINGS
ADDED from src\main\AndroidManifest.xml:38:5-73
	android:name
		ADDED from src\main\AndroidManifest.xml:38:22-70
uses-permission#android.permission.VIBRATE
ADDED from src\main\AndroidManifest.xml:39:5-66
	android:name
		ADDED from src\main\AndroidManifest.xml:39:22-63
uses-permission#android.permission.MOUNT_UNMOUNT_FILESYSTEMS
ADDED from src\main\AndroidManifest.xml:40:5-84
	android:name
		ADDED from src\main\AndroidManifest.xml:40:22-81
uses-permission#android.permission.SYSTEM_ALERT_WINDOW
ADDED from src\main\AndroidManifest.xml:43:5-77
	android:name
		ADDED from src\main\AndroidManifest.xml:43:22-75
uses-permission#android.permission.ACCESS_COARSE_LOCATION
ADDED from src\main\AndroidManifest.xml:48:5-81
	android:name
		ADDED from src\main\AndroidManifest.xml:48:22-78
uses-permission#android.permission.ACCESS_FINE_LOCATION
ADDED from src\main\AndroidManifest.xml:50:5-79
	android:name
		ADDED from src\main\AndroidManifest.xml:50:22-76
uses-permission#android.permission.ACCESS_LOCATION_EXTRA_COMMANDS
ADDED from src\main\AndroidManifest.xml:51:5-89
	android:name
		ADDED from src\main\AndroidManifest.xml:51:22-86
uses-permission#android.permission.CHANGE_NETWORK_STATE
ADDED from src\main\AndroidManifest.xml:52:5-79
	android:name
		ADDED from src\main\AndroidManifest.xml:52:22-76
application
ADDED from src\main\AndroidManifest.xml:54:5-227:19
MERGED from [Annie:utilsLibrary:unspecified] AndroidManifest.xml:11:5-20
	android:label
		ADDED from src\main\AndroidManifest.xml:57:9-41
	android:allowBackup
		ADDED from src\main\AndroidManifest.xml:55:9-35
	android:icon
		ADDED from src\main\AndroidManifest.xml:56:9-45
	android:theme
		ADDED from src\main\AndroidManifest.xml:58:9-40
	android:name
		ADDED from src\main\AndroidManifest.xml:59:9-66
activity#com.annie.newsApp.WelcomeUIActivity
ADDED from src\main\AndroidManifest.xml:62:9-71:20
	android:label
		ADDED from src\main\AndroidManifest.xml:64:13-45
	android:theme
		ADDED from src\main\AndroidManifest.xml:65:13-77
	android:name
		ADDED from src\main\AndroidManifest.xml:63:13-63
intent-filter#android.intent.action.MAIN+android.intent.category.LAUNCHER
ADDED from src\main\AndroidManifest.xml:66:13-70:29
action#android.intent.action.MAIN
ADDED from src\main\AndroidManifest.xml:67:17-69
	android:name
		ADDED from src\main\AndroidManifest.xml:67:25-66
category#android.intent.category.LAUNCHER
ADDED from src\main\AndroidManifest.xml:69:17-77
	android:name
		ADDED from src\main\AndroidManifest.xml:69:27-74
activity#com.annie.newsApp.GuideUIActivity
ADDED from src\main\AndroidManifest.xml:72:9-75:20
	android:label
		ADDED from src\main\AndroidManifest.xml:74:13-60
	android:name
		ADDED from src\main\AndroidManifest.xml:73:13-61
activity#com.annie.newsApp.MainUIActivity
ADDED from src\main\AndroidManifest.xml:76:9-80:20
	android:label
		ADDED from src\main\AndroidManifest.xml:78:13-59
	android:theme
		ADDED from src\main\AndroidManifest.xml:79:13-63
	android:name
		ADDED from src\main\AndroidManifest.xml:77:13-60
activity#com.annie.newsApp.NewsDetailActivity
ADDED from src\main\AndroidManifest.xml:81:9-84:20
	android:label
		ADDED from src\main\AndroidManifest.xml:83:13-63
	android:name
		ADDED from src\main\AndroidManifest.xml:82:13-64
activity#com.mob.tools.MobUIShell
ADDED from src\main\AndroidManifest.xml:87:9-106:13
	android:windowSoftInputMode
		ADDED from src\main\AndroidManifest.xml:92:6-60
	android:screenOrientation
		ADDED from src\main\AndroidManifest.xml:91:6-42
	android:configChanges
		ADDED from src\main\AndroidManifest.xml:90:6-67
	android:theme
		ADDED from src\main\AndroidManifest.xml:89:6-65
	android:name
		ADDED from src\main\AndroidManifest.xml:88:6-45
intent-filter#android.intent.action.VIEW+android.intent.category.BROWSABLE+android.intent.category.DEFAULT
ADDED from src\main\AndroidManifest.xml:94:6-99:22
data
ADDED from src\main\AndroidManifest.xml:95:10-52
	android:scheme
		ADDED from src\main\AndroidManifest.xml:95:16-49
action#android.intent.action.VIEW
ADDED from src\main\AndroidManifest.xml:96:10-62
	android:name
		ADDED from src\main\AndroidManifest.xml:96:18-59
category#android.intent.category.BROWSABLE
ADDED from src\main\AndroidManifest.xml:97:10-71
	android:name
		ADDED from src\main\AndroidManifest.xml:97:20-68
category#android.intent.category.DEFAULT
ADDED from src\main\AndroidManifest.xml:98:10-69
	android:name
		ADDED from src\main\AndroidManifest.xml:98:20-66
intent-filter#android.intent.category.DEFAULT+com.sina.weibo.sdk.action.ACTION_SDK_REQ_ACTIVITY
ADDED from src\main\AndroidManifest.xml:102:5-105:21
action#com.sina.weibo.sdk.action.ACTION_SDK_REQ_ACTIVITY
ADDED from src\main\AndroidManifest.xml:103:9-84
	android:name
		ADDED from src\main\AndroidManifest.xml:103:17-81
activity#com.annie.newsApp.wxapi.WXEntryActivity
ADDED from src\main\AndroidManifest.xml:109:2-114:45
	android:screenOrientation
		ADDED from src\main\AndroidManifest.xml:114:6-42
	android:configChanges
		ADDED from src\main\AndroidManifest.xml:112:6-67
	android:theme
		ADDED from src\main\AndroidManifest.xml:111:6-65
	android:exported
		ADDED from src\main\AndroidManifest.xml:113:6-29
	android:name
		ADDED from src\main\AndroidManifest.xml:110:6-43
activity#com.annie.newsApp.yxapi.YXEntryActivity
ADDED from src\main\AndroidManifest.xml:117:2-122:45
	android:screenOrientation
		ADDED from src\main\AndroidManifest.xml:122:6-42
	android:configChanges
		ADDED from src\main\AndroidManifest.xml:120:6-67
	android:theme
		ADDED from src\main\AndroidManifest.xml:119:6-65
	android:exported
		ADDED from src\main\AndroidManifest.xml:121:6-29
	android:name
		ADDED from src\main\AndroidManifest.xml:118:6-43
activity#com.annie.newsApp.apshare.ShareEntryActivity
ADDED from src\main\AndroidManifest.xml:125:1-129:30
	android:configChanges
		ADDED from src\main\AndroidManifest.xml:128:5-66
	android:theme
		ADDED from src\main\AndroidManifest.xml:127:5-64
	android:exported
		ADDED from src\main\AndroidManifest.xml:129:5-28
	android:name
		ADDED from src\main\AndroidManifest.xml:126:5-47
activity#cn.jpush.android.ui.PushActivity
ADDED from src\main\AndroidManifest.xml:133:9-143:20
	android:configChanges
		ADDED from src\main\AndroidManifest.xml:135:13-63
	android:theme
		ADDED from src\main\AndroidManifest.xml:136:13-60
	android:exported
		ADDED from src\main\AndroidManifest.xml:137:13-37
	android:name
		ADDED from src\main\AndroidManifest.xml:134:13-60
intent-filter#android.intent.category.DEFAULT+cn.jpush.android.ui.PushActivity+com.annie.newsApp
ADDED from src\main\AndroidManifest.xml:138:13-142:29
action#cn.jpush.android.ui.PushActivity
ADDED from src\main\AndroidManifest.xml:139:17-75
	android:name
		ADDED from src\main\AndroidManifest.xml:139:25-72
category#com.annie.newsApp
ADDED from src\main\AndroidManifest.xml:141:17-62
	android:name
		ADDED from src\main\AndroidManifest.xml:141:27-59
service#cn.jpush.android.service.DownloadService
ADDED from src\main\AndroidManifest.xml:145:9-149:19
	android:exported
		ADDED from src\main\AndroidManifest.xml:148:13-37
	android:enabled
		ADDED from src\main\AndroidManifest.xml:147:13-35
	android:name
		ADDED from src\main\AndroidManifest.xml:146:13-68
service#cn.jpush.android.service.PushService
ADDED from src\main\AndroidManifest.xml:154:9-164:19
	android:exported
		ADDED from src\main\AndroidManifest.xml:157:13-37
	android:enabled
		ADDED from src\main\AndroidManifest.xml:156:13-35
	android:name
		ADDED from src\main\AndroidManifest.xml:155:13-64
intent-filter#cn.jpush.android.intent.PUSH_TIME+cn.jpush.android.intent.PushService+cn.jpush.android.intent.REGISTER+cn.jpush.android.intent.REPORT
ADDED from src\main\AndroidManifest.xml:158:13-163:29
action#cn.jpush.android.intent.REGISTER
ADDED from src\main\AndroidManifest.xml:159:17-75
	android:name
		ADDED from src\main\AndroidManifest.xml:159:25-72
action#cn.jpush.android.intent.REPORT
ADDED from src\main\AndroidManifest.xml:160:17-73
	android:name
		ADDED from src\main\AndroidManifest.xml:160:25-70
action#cn.jpush.android.intent.PushService
ADDED from src\main\AndroidManifest.xml:161:17-78
	android:name
		ADDED from src\main\AndroidManifest.xml:161:25-75
action#cn.jpush.android.intent.PUSH_TIME
ADDED from src\main\AndroidManifest.xml:162:17-76
	android:name
		ADDED from src\main\AndroidManifest.xml:162:25-73
service#cn.jpush.android.service.DaemonService
ADDED from src\main\AndroidManifest.xml:168:9-177:19
	android:exported
		ADDED from src\main\AndroidManifest.xml:171:13-36
	android:enabled
		ADDED from src\main\AndroidManifest.xml:170:13-35
	android:name
		ADDED from src\main\AndroidManifest.xml:169:13-66
intent-filter#cn.jpush.android.intent.DaemonService+com.annie.newsApp
ADDED from src\main\AndroidManifest.xml:172:13-175:29
action#cn.jpush.android.intent.DaemonService
ADDED from src\main\AndroidManifest.xml:173:17-80
	android:name
		ADDED from src\main\AndroidManifest.xml:173:25-77
receiver#cn.jpush.android.service.PushReceiver
ADDED from src\main\AndroidManifest.xml:180:9-199:20
	android:exported
		ADDED from src\main\AndroidManifest.xml:183:13-37
	android:enabled
		ADDED from src\main\AndroidManifest.xml:182:13-35
	android:name
		ADDED from src\main\AndroidManifest.xml:181:13-65
intent-filter#cn.jpush.android.intent.NOTIFICATION_RECEIVED_PROXY+com.annie.newsApp
ADDED from src\main\AndroidManifest.xml:184:14-187:29
	android:priority
		ADDED from src\main\AndroidManifest.xml:184:29-52
action#cn.jpush.android.intent.NOTIFICATION_RECEIVED_PROXY
ADDED from src\main\AndroidManifest.xml:185:17-94
	android:name
		ADDED from src\main\AndroidManifest.xml:185:25-91
intent-filter#android.intent.action.USER_PRESENT+android.net.conn.CONNECTIVITY_CHANGE
ADDED from src\main\AndroidManifest.xml:188:13-191:29
action#android.intent.action.USER_PRESENT
ADDED from src\main\AndroidManifest.xml:189:17-77
	android:name
		ADDED from src\main\AndroidManifest.xml:189:25-74
action#android.net.conn.CONNECTIVITY_CHANGE
ADDED from src\main\AndroidManifest.xml:190:17-79
	android:name
		ADDED from src\main\AndroidManifest.xml:190:25-76
intent-filter#android.intent.action.PACKAGE_ADDED+android.intent.action.PACKAGE_REMOVED
ADDED from src\main\AndroidManifest.xml:193:13-197:29
action#android.intent.action.PACKAGE_ADDED
ADDED from src\main\AndroidManifest.xml:194:17-78
	android:name
		ADDED from src\main\AndroidManifest.xml:194:25-75
action#android.intent.action.PACKAGE_REMOVED
ADDED from src\main\AndroidManifest.xml:195:17-80
	android:name
		ADDED from src\main\AndroidManifest.xml:195:25-77
receiver#cn.jpush.android.service.AlarmReceiver
ADDED from src\main\AndroidManifest.xml:202:9-99
	android:exported
		ADDED from src\main\AndroidManifest.xml:202:73-97
	android:name
		ADDED from src\main\AndroidManifest.xml:202:19-72
receiver#com.annie.newsApp.jpush.MyReceiver
ADDED from src\main\AndroidManifest.xml:205:9-219:20
	android:exported
		ADDED from src\main\AndroidManifest.xml:207:13-37
	android:enabled
		ADDED from src\main\AndroidManifest.xml:208:13-35
	android:name
		ADDED from src\main\AndroidManifest.xml:206:13-62
intent-filter#cn.jpush.android.intent.ACTION_RICHPUSH_CALLBACK+cn.jpush.android.intent.CONNECTION+cn.jpush.android.intent.MESSAGE_RECEIVED+cn.jpush.android.intent.NOTIFICATION_OPENED+cn.jpush.android.intent.NOTIFICATION_RECEIVED+cn.jpush.android.intent.REGISTRATION+cn.jpush.android.intent.UNREGISTRATION+com.annie.newsApp
ADDED from src\main\AndroidManifest.xml:209:13-218:29
action#cn.jpush.android.intent.REGISTRATION
ADDED from src\main\AndroidManifest.xml:210:17-79
	android:name
		ADDED from src\main\AndroidManifest.xml:210:25-76
action#cn.jpush.android.intent.UNREGISTRATION
ADDED from src\main\AndroidManifest.xml:211:17-81
	android:name
		ADDED from src\main\AndroidManifest.xml:211:25-78
action#cn.jpush.android.intent.MESSAGE_RECEIVED
ADDED from src\main\AndroidManifest.xml:212:17-83
	android:name
		ADDED from src\main\AndroidManifest.xml:212:25-80
action#cn.jpush.android.intent.NOTIFICATION_RECEIVED
ADDED from src\main\AndroidManifest.xml:213:17-88
	android:name
		ADDED from src\main\AndroidManifest.xml:213:25-85
action#cn.jpush.android.intent.NOTIFICATION_OPENED
ADDED from src\main\AndroidManifest.xml:214:17-86
	android:name
		ADDED from src\main\AndroidManifest.xml:214:25-83
action#cn.jpush.android.intent.ACTION_RICHPUSH_CALLBACK
ADDED from src\main\AndroidManifest.xml:215:17-91
	android:name
		ADDED from src\main\AndroidManifest.xml:215:25-88
action#cn.jpush.android.intent.CONNECTION
ADDED from src\main\AndroidManifest.xml:216:17-77
	android:name
		ADDED from src\main\AndroidManifest.xml:216:25-74
meta-data#JPUSH_CHANNEL
ADDED from src\main\AndroidManifest.xml:223:9-84
	android:name
		ADDED from src\main\AndroidManifest.xml:223:20-48
	android:value
		ADDED from src\main\AndroidManifest.xml:223:49-82
meta-data#JPUSH_APPKEY
ADDED from src\main\AndroidManifest.xml:224:9-91
	android:name
		ADDED from src\main\AndroidManifest.xml:224:20-47
	android:value
		ADDED from src\main\AndroidManifest.xml:224:48-88